proguard/mapping.txt
android.support.v4.app.NotificationCompat$NotificationCompatImplBase -> android.support.v4.app.NotificationCompat$NotificationCompatImplBase:
android.support.v4.app.NotificationCompat$NotificationCompatImplHoneycomb -> android.support.v4.app.NotificationCompat$NotificationCompatImplHoneycomb:
android.support.v4.app.NotificationCompatHoneycomb -> android.support.v4.app.NotificationCompatHoneycomb:
android.support.v4.app.ServiceCompat -> android.support.v4.app.ServiceCompat:
android.support.v4.app.ShareCompat -> android.support.v4.app.ShareCompat:
android.support.v4.app.ShareCompat$IntentBuilder -> android.support.v4.app.ShareCompat$IntentBuilder:
android.support.v4.app.ShareCompat$IntentReader -> android.support.v4.app.ShareCompat$IntentReader:
android.support.v4.app.ShareCompat$ShareCompatImpl -> android.support.v4.app.ShareCompat$ShareCompatImpl:
android.support.v4.app.ShareCompat$ShareCompatImplBase -> android.support.v4.app.ShareCompat$ShareCompatImplBase:
android.support.v4.app.ShareCompat$ShareCompatImplICS -> android.support.v4.app.ShareCompat$ShareCompatImplICS:
android.support.v4.app.ShareCompat$ShareCompatImplJB -> android.support.v4.app.ShareCompat$ShareCompatImplJB:
android.support.v4.app.ShareCompatICS -> android.support.v4.app.ShareCompatICS:
android.support.v4.app.ShareCompatJB -> android.support.v4.app.ShareCompatJB:
android.support.v4.app.SuperNotCalledException -> android.support.v4.app.SuperNotCalledException:
android.support.v4.app.TaskStackBuilder -> android.support.v4.app.TaskStackBuilder:
    java.util.ArrayList mIntents -> a
    239:239:java.util.Iterator iterator() -> iterator
android.support.v4.app.TaskStackBuilder$TaskStackBuilderImpl -> android.support.v4.app.TaskStackBuilder$TaskStackBuilderImpl:
android.support.v4.app.TaskStackBuilder$TaskStackBuilderImplBase -> android.support.v4.app.TaskStackBuilder$TaskStackBuilderImplBase:
android.support.v4.app.TaskStackBuilder$TaskStackBuilderImplHoneycomb -> android.support.v4.app.TaskStackBuilder$TaskStackBuilderImplHoneycomb:
android.support.v4.app.TaskStackBuilder$TaskStackBuilderImplJellybean -> android.support.v4.app.TaskStackBuilder$TaskStackBuilderImplJellybean:
android.support.v4.app.TaskStackBuilderHoneycomb -> android.support.v4.app.TaskStackBuilderHoneycomb:
android.support.v4.app.TaskStackBuilderJellybean -> android.support.v4.app.TaskStackBuilderJellybean:
android.support.v4.content.AsyncTaskLoader -> android.support.v4.content.AsyncTaskLoader:
    android.support.v4.content.AsyncTaskLoader$LoadTask mTask -> d
    android.support.v4.content.AsyncTaskLoader$LoadTask mCancellingTask -> e
    long mLastLoadCompleteTime -> f
    111:116:void onForceLoad() -> a
    136:166:boolean cancelLoad() -> b
    174:174:void onCanceled(java.lang.Object) -> a
    177:197:void executePendingTask() -> c
    200:207:void dispatchOnCancelled(android.support.v4.content.AsyncTaskLoader$LoadTask,java.lang.Object) -> a
    210:224:void dispatchOnLoadComplete(android.support.v4.content.AsyncTaskLoader$LoadTask,java.lang.Object) -> b
    java.lang.Object loadInBackground() -> d
    240:240:java.lang.Object onLoadInBackground() -> e
    266:283:void dump(java.lang.String,java.io.FileDescriptor,java.io.PrintWriter,java.lang.String[]) -> a
android.support.v4.content.AsyncTaskLoader$LoadTask -> android.support.v4.content.AsyncTaskLoader$LoadTask:
    java.lang.Object result -> c
    boolean waiting -> a
    java.util.concurrent.CountDownLatch done -> d
    android.support.v4.content.AsyncTaskLoader this$0 -> e
    61:63:void onPostExecute(java.lang.Object) -> a
    71:73:void onCancelled() -> a
    79:81:void run() -> run
    40:40:java.lang.Object doInBackground(java.lang.Object[]) -> a
android.support.v4.content.ContextCompat -> android.support.v4.content.ContextCompat:
android.support.v4.content.ContextCompatHoneycomb -> android.support.v4.content.ContextCompatHoneycomb: