proguard/usage.txt
android.support.v4.content.AsyncTaskLoader$LoadTask:
    40:40:static synthetic java.util.concurrent.CountDownLatch access$000(android.support.v4.content.AsyncTaskLoader$LoadTask)
android.support.v4.content.ContextCompat:
    57:57:public static boolean startActivities(android.content.Context,android.content.Intent[])
    89:97:public static boolean startActivities(android.content.Context,android.content.Intent[],android.os.Bundle)
android.support.v4.content.ContextCompatHoneycomb:
    28:29:static void startActivities(android.content.Context,android.content.Intent[])
android.support.v4.content.ContextCompatJellybean:
    26:27:public static void startActivities(android.content.Context,android.content.Intent[],android.os.Bundle)
android.support.v4.content.CursorLoader:
    95:97:public CursorLoader(android.content.Context)
    107:114:public CursorLoader(android.content.Context,android.net.Uri,java.lang.String[],java.lang.String,java.lang.String[],java.lang.String)
    163:163:public android.net.Uri getUri()
    167:168:public void setUri(android.net.Uri)
    171:171:public java.lang.String[] getProjection()
    175:176:public void setProjection(java.lang.String[])
    179:179:public java.lang.String getSelection()
    183:184:public void setSelection(java.lang.String)
    187:187:public java.lang.String[] getSelectionArgs()
    191:192:public void setSelectionArgs(java.lang.String[])
    195:195:public java.lang.String getSortOrder()
    199:200:public void setSortOrder(java.lang.String)
android.support.v4.content.IntentCompat:
    public static final java.lang.String ACTION_EXTERNAL_APPLICATIONS_AVAILABLE
    public static final java.lang.String ACTION_EXTERNAL_APPLICATIONS_UNAVAILABLE
    public static final java.lang.String EXTRA_CHANGED_PACKAGE_LIST
    public static final java.lang.String EXTRA_CHANGED_UID_LIST
    public static final java.lang.String EXTRA_HTML_TEXT
    public static final int FLAG_ACTIVITY_TASK_ON_HOME
    public static final int FLAG_ACTIVITY_CLEAR_TASK
android.support.v4.content.Loader:
    90:92:public Loader(android.content.Context)
    118:118:public int getId()
    261:263:public void abandon()
    275:275:protected void onAbandon()
android.support.v4.content.Loader$ForceLoadContentObserver:
    51:53:public Loader$ForceLoadContentObserver(android.support.v4.content.Loader)
android.support.v4.content.LocalBroadcastManager:
    private static final java.lang.String TAG
    private static final boolean DEBUG
    private final java.util.HashMap mActions
    static final int MSG_EXEC_PENDING_BROADCASTS
    private final android.os.Handler mHandler
    private static android.support.v4.content.LocalBroadcastManager mInstance
    100:105:public static android.support.v4.content.LocalBroadcastManager getInstance(android.content.Context)
    108:123:private LocalBroadcastManager(android.content.Context)
    134:152:public void registerReceiver(android.content.BroadcastReceiver,android.content.IntentFilter)
    164:188:public void unregisterReceiver(android.content.BroadcastReceiver)
    201:268:public boolean sendBroadcast(android.content.Intent)
    277:280:public void sendBroadcastSync(android.content.Intent)
android.support.v4.content.LocalBroadcastManager$1:
    110:110:LocalBroadcastManager$1(android.support.v4.content.LocalBroadcastManager,android.os.Looper)
android.support.v4.content.LocalBroadcastManager$BroadcastRecord:
    73:76:LocalBroadcastManager$BroadcastRecord(android.content.Intent,java.util.ArrayList)
android.support.v4.content.LocalBroadcastManager$ReceiverRecord:
    boolean broadcasting
    52:55:LocalBroadcastManager$ReceiverRecord(android.content.IntentFilter,android.content.BroadcastReceiver)